\BOOKMARK [1][-]{section.0.1}{\376\377\000S\000c\000o\000p\000o\000\040\000d\000e\000l\000\040\000d\000o\000c\000u\000m\000e\000n\000t\000o}{}% 1
\BOOKMARK [1][-]{section.0.2}{\376\377\000I\000n\000f\000o\000r\000m\000a\000z\000i\000o\000n\000i\000\040\000d\000e\000l\000\040\000D\000o\000c\000u\000m\000e\000n\000t\000o}{}% 2
\BOOKMARK [0][-]{chapter.1}{\376\377\000R\000e\000q\000u\000i\000s\000i\000t\000i}{}% 3
\BOOKMARK [1][-]{section.1.1}{\376\377\000R\000e\000q\000u\000i\000s\000i\000t\000i\000\040\000F\000u\000n\000z\000i\000o\000n\000a\000l\000i}{chapter.1}% 4
\BOOKMARK [1][-]{section.1.2}{\376\377\000R\000e\000q\000u\000i\000s\000i\000t\000i\000\040\000N\000o\000n\000\040\000F\000u\000n\000z\000i\000o\000n\000a\000l\000i}{chapter.1}% 5
\BOOKMARK [0][-]{chapter.2}{\376\377\000A\000n\000a\000l\000i\000s\000i\000\040\000d\000e\000l\000\040\000C\000o\000n\000s\000t\000e\000s\000t\000o}{}% 6
\BOOKMARK [1][-]{section.2.1}{\376\377\000U\000t\000e\000n\000t\000i\000\040\000e\000\040\000S\000i\000s\000t\000e\000m\000i\000\040\000E\000s\000t\000e\000r\000n\000i}{chapter.2}% 7
\BOOKMARK [2][-]{subsection.2.1.1}{\376\377\000U\000t\000e\000n\000t\000e}{section.2.1}% 8
\BOOKMARK [2][-]{subsection.2.1.2}{\376\377\000C\000l\000i\000e\000n\000t\000e}{section.2.1}% 9
\BOOKMARK [2][-]{subsection.2.1.3}{\376\377\000D\000i\000p\000e\000n\000d\000e\000n\000t\000e}{section.2.1}% 10
\BOOKMARK [2][-]{subsection.2.1.4}{\376\377\000M\000a\000n\000a\000g\000e\000r}{section.2.1}% 11
\BOOKMARK [2][-]{subsection.2.1.5}{\376\377\000S\000e\000r\000v\000e\000r\000\040\000M\000a\000i\000l}{section.2.1}% 12
\BOOKMARK [2][-]{subsection.2.1.6}{\376\377\000D\000a\000t\000a\000b\000a\000s\000e\000\040\000A\000u\000t\000e\000n\000t\000i\000c\000a\000z\000i\000o\000n\000e}{section.2.1}% 13
\BOOKMARK [2][-]{subsection.2.1.7}{\376\377\000D\000a\000t\000a\000b\000a\000s\000e\000\040\000M\000a\000g\000a\000z\000z\000i\000n\000o}{section.2.1}% 14
\BOOKMARK [2][-]{subsection.2.1.8}{\376\377\000D\000a\000t\000a\000b\000a\000s\000e\000\040\000T\000a\000s\000k}{section.2.1}% 15
\BOOKMARK [2][-]{subsection.2.1.9}{\376\377\000P\000a\000y\000P\000a\000l}{section.2.1}% 16
\BOOKMARK [2][-]{subsection.2.1.10}{\376\377\000N\000e\000x\000i}{section.2.1}% 17
\BOOKMARK [2][-]{subsection.2.1.11}{\376\377\000O\000p\000e\000n\000S\000t\000r\000e\000e\000t\000M\000a\000p}{section.2.1}% 18
\BOOKMARK [2][-]{subsection.2.1.12}{\376\377\0002\000F\000A}{section.2.1}% 19
\BOOKMARK [2][-]{subsection.2.1.13}{\376\377\000M\000i\000c\000r\000o\000s\000e\000r\000v\000i\000z\000i}{section.2.1}% 20
\BOOKMARK [1][-]{section.2.2}{\376\377\000D\000i\000a\000g\000r\000a\000m\000m\000a\000\040\000d\000i\000\040\000C\000o\000n\000t\000e\000s\000t\000o}{chapter.2}% 21
\BOOKMARK [0][-]{chapter.3}{\376\377\000A\000n\000a\000l\000i\000s\000i\000\040\000d\000e\000i\000\040\000C\000o\000m\000p\000o\000n\000e\000n\000t\000i}{}% 22
\BOOKMARK [1][-]{section.3.1}{\376\377\000D\000e\000f\000i\000n\000i\000z\000i\000o\000n\000e\000\040\000d\000e\000i\000\040\000C\000o\000m\000p\000o\000n\000e\000n\000t\000i}{chapter.3}% 23
\BOOKMARK [1][-]{section.3.2}{\376\377\000D\000i\000a\000g\000r\000a\000m\000m\000a\000\040\000d\000e\000i\000\040\000C\000o\000m\000p\000o\000n\000e\000n\000t\000i}{chapter.3}% 24
